Increment Time CutbackLevel Converged IterationsNeeded
           1   2.0000000000000000                0 T          15
           2   4.0000000000000000                0 T          22
           3   6.0000000000000000                0 T          20
           4   8.0000000000000000                0 T          19
           5   10.000000000000000                0 T          17
           6   12.000000000000000                0 T          15
           7   14.000000000000000                0 T          14
           8   16.000000000000000                0 T          13
           9   18.000000000000000                0 T          12
          10   20.000000000000000                0 T          11
          11   22.000000000000000                0 T          11
          12   24.000000000000000                0 T          10
          13   26.000000000000000                0 T          10
          14   28.000000000000000                0 T           9
          15   30.000000000000000                0 T           9
          16   32.000000000000000                0 T           9
          17   34.000000000000000                0 T           8
          18   36.000000000000000                0 T           8
          19   38.000000000000000                0 T           7
          20   40.000000000000000                0 T           7
          21   46.500000000000000                0 T          17
          22   53.000000000000000                0 T          16
          23   59.500000000000000                0 T          16
          24   66.000000000000000                0 T          15
          25   72.500000000000000                0 T          14
          26   79.000000000000000                0 T          14
          27   85.500000000000000                0 T          13
          28   92.000000000000000                0 T          12
          29   98.500000000000000                0 T          12
          30   105.00000000000000                0 T          12
          31   111.50000000000000                0 T          11
          32   118.00000000000000                0 T          11
          33   124.50000000000000                0 T          11
          34   131.00000000000000                0 T          10
          35   137.50000000000000                0 T          11
          36   144.00000000000000                0 T          10
          37   150.50000000000000                0 T          10
          38   157.00000000000000                0 T          10
          39   163.50000000000000                0 T           9
          40   170.00000000000000                0 T          10
          41   189.37500000000000                0 T          29
          42   208.75000000000000                0 T          29
          43   228.12500000000000                0 T          27
          44   247.50000000000000                0 T          27
          45   266.87500000000000                0 T          26
          46   286.25000000000000                0 T          26
          47   305.62500000000000                0 T          24
          48   325.00000000000000                0 T          24
          49   344.37500000000000                0 T          24
          50   363.75000000000000                0 T          24
          51   383.12500000000000                0 T          23
          52   402.50000000000000                0 T          23
          53   421.87500000000000                0 T          23
          54   441.25000000000000                0 T          22
          55   460.62500000000000                0 T          22
          56   480.00000000000000                0 T          22
          57   499.37500000000000                0 T          21
          58   518.75000000000000                0 T          22
          59   538.12500000000000                0 T          21
          60   557.50000000000000                0 T          21
          61   576.87500000000000                0 T          21
          62   596.25000000000000                0 T          21
          63   615.62500000000000                0 T          20
          64   635.00000000000000                0 T          21
          65   654.37500000000000                0 T          20
          66   673.75000000000000                0 T          20
          67   693.12500000000000                0 T          20
          68   712.50000000000000                0 T          20
          69   731.87500000000000                0 T          20
          70   751.25000000000000                0 T          19
          71   770.62500000000000                0 T          20
          72   790.00000000000000                0 T          19
          73   809.37500000000000                0 T          19
          74   828.75000000000000                0 T          19
          75   848.12500000000000                0 T          19
          76   867.50000000000000                0 T          19
          77   886.87500000000000                0 T          19
          78   906.25000000000000                0 T          19
          79   925.62500000000000                0 T          19
          80   945.00000000000000                0 T          19
          81   964.37500000000000                0 T          19
          82   983.75000000000000                0 T          18
          83   1003.1250000000000                0 T          19
          84   1022.5000000000000                0 T          18
          85   1041.8750000000000                0 T          18
          86   1061.2500000000000                0 T          18
          87   1080.6250000000000                0 T          18
          88   1100.0000000000000                0 T          18
          89   1119.3750000000000                0 T          18
          90   1138.7500000000000                0 T          18
          91   1158.1250000000000                0 T          18
          92   1177.5000000000000                0 T          18
          93   1196.8750000000000                0 T          18
          94   1216.2500000000000                0 T          18
          95   1235.6250000000000                0 T          18
          96   1255.0000000000000                0 T          17
          97   1274.3750000000000                0 T          18
          98   1293.7500000000000                0 T          17
          99   1313.1250000000000                0 T          18
         100   1332.5000000000000                0 T          17
         101   1351.8750000000000                0 T          17
         102   1371.2500000000000                0 T          17
         103   1390.6250000000000                0 T          17
         104   1410.0000000000000                0 T          17
         105   1429.3750000000000                0 T          17
         106   1448.7500000000000                0 T          17
         107   1468.1250000000000                0 T          17
         108   1487.5000000000000                0 T          17
         109   1506.8750000000000                0 T          17
         110   1526.2500000000000                0 T          17
         111   1545.6250000000000                0 T          17
         112   1565.0000000000000                0 T          17
         113   1584.3750000000000                0 T          16
         114   1603.7500000000000                0 T          17
         115   1623.1250000000000                0 T          16
         116   1642.5000000000000                0 T          17
         117   1661.8750000000000                0 T          16
         118   1681.2500000000000                0 T          16
         119   1700.6250000000000                0 T          16
         120   1720.0000000000000                0 T          16
         121   1735.0000000000000                0 T          13
         122   1750.0000000000000                0 T          12
         123   1765.0000000000000                0 T          13
         124   1780.0000000000000                0 T          12
         125   1795.0000000000000                0 T          13
         126   1810.0000000000000                0 T          12
         127   1825.0000000000000                0 T          12
         128   1840.0000000000000                0 T          12
         129   1855.0000000000000                0 T          12
         130   1870.0000000000000                0 T          12
         131   1885.0000000000000                0 T          12
         132   1900.0000000000000                0 T          12
         133   1915.0000000000000                0 T          12
         134   1930.0000000000000                0 T          12
         135   1945.0000000000000                0 T          12
         136   1960.0000000000000                0 T          12
         137   1975.0000000000000                0 T          12
         138   1990.0000000000000                0 T          12
         139   2005.0000000000000                0 T          12
         140   2020.0000000000000                0 T          12
